<?xml version="1.0" encoding="UTF-8"?>
<testsuite xmlns:xsi="http://www.w3.org/2001/XMLSchema-instance" xsi:noNamespaceSchemaLocation="https://maven.apache.org/surefire/maven-surefire-plugin/xsd/surefire-test-report.xsd" version="3.0.2" name="com.example.springboot.HelloControllerTest" time="0.385" tests="1" errors="0" skipped="0" failures="0">
  <properties>
[...]
</properties>
  <testcase name="getHello" classname="com.example.springboot.HelloControllerTest" time="0.017">
    <system-out><![CDATA[2026-02-20T16:33:44.251+03:00  INFO 48803 --- [           main] t.c.s.AnnotationConfigContextLoaderUtils : Could not detect default configuration classes for test class [com.example.springboot.HelloControllerTest]: HelloControllerTest does not declare any static, non-private, non-final, nested classes annotated with @Configuration.
2026-02-20T16:33:44.256+03:00  INFO 48803 --- [           main] .b.t.c.SpringBootTestContextBootstrapper : Found @SpringBootConfiguration com.example.springboot.Application for test class com.example.springboot.HelloControllerTest

  .   ____          _            __ _ _
 /\\ / ___'_ __ _ _(_)_ __  __ _ \ \ \ \
( ( )\___ | '_ | '_| | '_ \/ _` | \ \ \ \
 \\/  ___)| |_)| | | | | || (_| |  ) ) ) )
  '  |____| .__|_| |_|_| |_\__, | / / / /
 =========|_|==============|___/=/_/_/_/

 :: Spring Boot ::                (v4.0.1)

2026-02-20T16:33:44.287+03:00  INFO 48803 --- [           main] c.e.springboot.HelloControllerTest       : Starting HelloControllerTest using Java 21.0.9 with PID 48803 (started by clearmind in /home/clearmind/spring-boot-project/initial)
2026-02-20T16:33:44.287+03:00  INFO 48803 --- [           main] c.e.springboot.HelloControllerTest       : No active profile set, falling back to 1 default profile: "default"
2026-02-20T16:33:44.591+03:00  INFO 48803 --- [           main] o.s.b.t.m.w.SpringBootMockServletContext : Initializing Spring TestDispatcherServlet ''
2026-02-20T16:33:44.591+03:00  INFO 48803 --- [           main] o.s.t.web.servlet.TestDispatcherServlet  : Initializing Servlet ''
2026-02-20T16:33:44.594+03:00  INFO 48803 --- [           main] o.s.b.a.e.web.EndpointLinksResolver      : Exposing 1 endpoint beneath base path '/actuator'
2026-02-20T16:33:44.596+03:00  INFO 48803 --- [           main] o.s.t.web.servlet.TestDispatcherServlet  : Completed initialization in 5 ms
2026-02-20T16:33:44.610+03:00  INFO 48803 --- [           main] c.e.springboot.HelloControllerTest       : Started HelloControllerTest in 0.346 seconds (process running for 3.654)
]]></system-out>
  </testcase>
</testsuite>